2024-03-29 08:37:26,536 INFO [apiautotest] [client.py (send:52] - 接口信息是:('url', 'http://192.168.200.123:8080/user/login')
2024-03-29 08:37:26,566 INFO [apiautotest] [client.py (send:52] - 接口信息是:('method', 'post')
2024-03-29 08:37:26,566 INFO [apiautotest] [client.py (send:52] - 接口信息是:('headers', None)
2024-03-29 08:37:26,566 INFO [apiautotest] [client.py (send:52] - 接口信息是:('params', None)
2024-03-29 08:37:26,566 INFO [apiautotest] [client.py (send:52] - 接口信息是:('data', {'mobile': 13399321748, 'password': 'W123456', 'channel': 'pc'})
2024-03-29 08:37:26,566 INFO [apiautotest] [client.py (send:52] - 接口信息是:('json', None)
2024-03-29 08:37:26,566 INFO [apiautotest] [client.py (send:52] - 接口信息是:('files', None)
2024-03-29 08:37:26,566 INFO [apiautotest] [client.py (send:53] - 准备开始发起请求
2024-03-29 08:37:26,623 INFO [apiautotest] [client.py (send:56] - 接口响应状态码是:200
2024-03-29 08:37:26,623 INFO [apiautotest] [client.py (send:57] - 接口的响应内容是:{"success":false,"errorCode":"502","errorMsg":"密码不正确","data":null,"rows":10,"page":1,"total":null,"totalPage":0}
2024-03-29 08:37:27,153 INFO [apiautotest] [client.py (send:52] - 接口信息是:('url', 'http://192.168.200.123:8080/user/login')
2024-03-29 08:37:27,153 INFO [apiautotest] [client.py (send:52] - 接口信息是:('method', 'post')
2024-03-29 08:37:27,153 INFO [apiautotest] [client.py (send:52] - 接口信息是:('headers', None)
2024-03-29 08:37:27,153 INFO [apiautotest] [client.py (send:52] - 接口信息是:('params', None)
2024-03-29 08:37:27,153 INFO [apiautotest] [client.py (send:52] - 接口信息是:('data', {'mobile': 13399321748, 'password': 'W123456', 'channel': 'pc'})
2024-03-29 08:37:27,153 INFO [apiautotest] [client.py (send:52] - 接口信息是:('json', None)
2024-03-29 08:37:27,153 INFO [apiautotest] [client.py (send:52] - 接口信息是:('files', None)
2024-03-29 08:37:27,154 INFO [apiautotest] [client.py (send:53] - 准备开始发起请求
2024-03-29 08:37:27,172 INFO [apiautotest] [client.py (send:56] - 接口响应状态码是:200
2024-03-29 08:37:27,172 INFO [apiautotest] [client.py (send:57] - 接口的响应内容是:{"success":false,"errorCode":"502","errorMsg":"密码不正确","data":null,"rows":10,"page":1,"total":null,"totalPage":0}
2024-03-29 08:37:27,225 INFO [apiautotest] [client.py (send:52] - 接口信息是:('url', 'http://192.168.200.123:8080/user/login')
2024-03-29 08:37:27,225 INFO [apiautotest] [client.py (send:52] - 接口信息是:('method', 'post')
2024-03-29 08:37:27,225 INFO [apiautotest] [client.py (send:52] - 接口信息是:('headers', None)
2024-03-29 08:37:27,225 INFO [apiautotest] [client.py (send:52] - 接口信息是:('params', None)
2024-03-29 08:37:27,225 INFO [apiautotest] [client.py (send:52] - 接口信息是:('data', {'mobile': 13399321748, 'password': 'W123456', 'channel': 'pc'})
2024-03-29 08:37:27,225 INFO [apiautotest] [client.py (send:52] - 接口信息是:('json', None)
2024-03-29 08:37:27,225 INFO [apiautotest] [client.py (send:52] - 接口信息是:('files', None)
2024-03-29 08:37:27,226 INFO [apiautotest] [client.py (send:53] - 准备开始发起请求
2024-03-29 08:37:27,243 INFO [apiautotest] [client.py (send:56] - 接口响应状态码是:200
2024-03-29 08:37:27,243 INFO [apiautotest] [client.py (send:57] - 接口的响应内容是:{"success":false,"errorCode":"502","errorMsg":"密码不正确","data":null,"rows":10,"page":1,"total":null,"totalPage":0}
2024-03-29 08:37:27,295 INFO [apiautotest] [client.py (send:52] - 接口信息是:('url', 'http://192.168.200.123:8080/user/login')
2024-03-29 08:37:27,295 INFO [apiautotest] [client.py (send:52] - 接口信息是:('method', 'post')
2024-03-29 08:37:27,295 INFO [apiautotest] [client.py (send:52] - 接口信息是:('headers', None)
2024-03-29 08:37:27,295 INFO [apiautotest] [client.py (send:52] - 接口信息是:('params', None)
2024-03-29 08:37:27,295 INFO [apiautotest] [client.py (send:52] - 接口信息是:('data', {'mobile': 13399321748, 'password': 'W123456', 'channel': 'pc'})
2024-03-29 08:37:27,295 INFO [apiautotest] [client.py (send:52] - 接口信息是:('json', None)
2024-03-29 08:37:27,295 INFO [apiautotest] [client.py (send:52] - 接口信息是:('files', None)
2024-03-29 08:37:27,295 INFO [apiautotest] [client.py (send:53] - 准备开始发起请求
2024-03-29 08:37:27,323 INFO [apiautotest] [client.py (send:56] - 接口响应状态码是:200
2024-03-29 08:37:27,325 INFO [apiautotest] [client.py (send:57] - 接口的响应内容是:{"success":false,"errorCode":"502","errorMsg":"密码不正确","data":null,"rows":10,"page":1,"total":null,"totalPage":0}
2024-03-29 08:37:27,375 INFO [apiautotest] [client.py (send:52] - 接口信息是:('url', 'http://192.168.200.123:8080/user/login')
2024-03-29 08:37:27,376 INFO [apiautotest] [client.py (send:52] - 接口信息是:('method', 'post')
2024-03-29 08:37:27,376 INFO [apiautotest] [client.py (send:52] - 接口信息是:('headers', None)
2024-03-29 08:37:27,376 INFO [apiautotest] [client.py (send:52] - 接口信息是:('params', None)
2024-03-29 08:37:27,376 INFO [apiautotest] [client.py (send:52] - 接口信息是:('data', {'mobile': 13399321748, 'password': 'W123456', 'channel': 'pc'})
2024-03-29 08:37:27,376 INFO [apiautotest] [client.py (send:52] - 接口信息是:('json', None)
2024-03-29 08:37:27,376 INFO [apiautotest] [client.py (send:52] - 接口信息是:('files', None)
2024-03-29 08:37:27,376 INFO [apiautotest] [client.py (send:53] - 准备开始发起请求
2024-03-29 08:37:27,393 INFO [apiautotest] [client.py (send:56] - 接口响应状态码是:200
2024-03-29 08:37:27,393 INFO [apiautotest] [client.py (send:57] - 接口的响应内容是:{"success":false,"errorCode":"502","errorMsg":"密码不正确","data":null,"rows":10,"page":1,"total":null,"totalPage":0}
2024-03-29 08:37:27,449 INFO [apiautotest] [client.py (send:52] - 接口信息是:('url', 'http://192.168.200.123:8080/user/login')
2024-03-29 08:37:27,449 INFO [apiautotest] [client.py (send:52] - 接口信息是:('method', 'post')
2024-03-29 08:37:27,449 INFO [apiautotest] [client.py (send:52] - 接口信息是:('headers', None)
2024-03-29 08:37:27,449 INFO [apiautotest] [client.py (send:52] - 接口信息是:('params', None)
2024-03-29 08:37:27,449 INFO [apiautotest] [client.py (send:52] - 接口信息是:('data', {'mobile': 13399321748, 'password': 'W123456', 'channel': 'pc'})
2024-03-29 08:37:27,449 INFO [apiautotest] [client.py (send:52] - 接口信息是:('json', None)
2024-03-29 08:37:27,449 INFO [apiautotest] [client.py (send:52] - 接口信息是:('files', None)
2024-03-29 08:37:27,449 INFO [apiautotest] [client.py (send:53] - 准备开始发起请求
2024-03-29 08:37:27,467 INFO [apiautotest] [client.py (send:56] - 接口响应状态码是:200
2024-03-29 08:37:27,467 INFO [apiautotest] [client.py (send:57] - 接口的响应内容是:{"success":false,"errorCode":"502","errorMsg":"密码不正确","data":null,"rows":10,"page":1,"total":null,"totalPage":0}
2024-03-29 08:37:27,519 INFO [apiautotest] [client.py (send:52] - 接口信息是:('url', 'http://192.168.200.123:8080/user/login')
2024-03-29 08:37:27,519 INFO [apiautotest] [client.py (send:52] - 接口信息是:('method', 'post')
2024-03-29 08:37:27,519 INFO [apiautotest] [client.py (send:52] - 接口信息是:('headers', None)
2024-03-29 08:37:27,519 INFO [apiautotest] [client.py (send:52] - 接口信息是:('params', None)
2024-03-29 08:37:27,519 INFO [apiautotest] [client.py (send:52] - 接口信息是:('data', {'mobile': 13399321748, 'password': 'W123456', 'channel': 'pc'})
2024-03-29 08:37:27,519 INFO [apiautotest] [client.py (send:52] - 接口信息是:('json', None)
2024-03-29 08:37:27,519 INFO [apiautotest] [client.py (send:52] - 接口信息是:('files', None)
2024-03-29 08:37:27,519 INFO [apiautotest] [client.py (send:53] - 准备开始发起请求
2024-03-29 08:37:27,536 INFO [apiautotest] [client.py (send:56] - 接口响应状态码是:200
2024-03-29 08:37:27,536 INFO [apiautotest] [client.py (send:57] - 接口的响应内容是:{"success":false,"errorCode":"502","errorMsg":"密码不正确","data":null,"rows":10,"page":1,"total":null,"totalPage":0}
